[dotenv@17.2.3] injecting env (0) from .env -- tip: 🗂️ backup and recover secrets: https://dotenvx.com/ops
Bot is running...
error: [polling_error] {"code":"EFATAL","message":"EFATAL: Error: read ECONNRESET"}
error: [polling_error] {"code":"ETELEGRAM","message":"ETELEGRAM: 502 Bad Gateway"}
error: [polling_error] {"code":"ETELEGRAM","message":"ETELEGRAM: 502 Bad Gateway"}
error: [polling_error] {"code":"ETELEGRAM","message":"ETELEGRAM: 502 Bad Gateway"}
error: [polling_error] {"code":"ETELEGRAM","message":"ETELEGRAM: 502 Bad Gateway"}
error: [polling_error] {"code":"ETELEGRAM","message":"ETELEGRAM: 502 Bad Gateway"}
error: [polling_error] {"code":"ETELEGRAM","message":"ETELEGRAM: 502 Bad Gateway"}
xAI API Error Response: {"code":"The caller does not have permission to execute the specified operation","error":"Your newly created team doesn't have any credits or licenses yet. You can purchase those on https://console.x.ai/team/375bde60-a512-46c1-9e0c-e69f3f6861f7."}
xAI Analysis Failed: xAI Request Failed: 403 {"code":"The caller does not have permission to execute the specified operation","error":"Your newly created team doesn't have any credits or licenses yet. You can purchase those on https://console.x.ai/team/375bde60-a512-46c1-9e0c-e69f3f6861f7."}
error: [polling_error] {"code":"EFATAL","message":"EFATAL: Error: read ECONNRESET"}
error: [polling_error] {"code":"EFATAL","message":"EFATAL: Error: read ECONNRESET"}
error: [polling_error] {"code":"EFATAL","message":"EFATAL: Error: read ECONNRESET"}
error: [polling_error] {"code":"EFATAL","message":"EFATAL: Error: read ECONNRESET"}
error: [polling_error] {"code":"EFATAL","message":"EFATAL: Error: read ECONNRESET"}
error: [polling_error] {"code":"EFATAL","message":"EFATAL: Error: read ECONNRESET"}
error: [polling_error] {"code":"EFATAL","message":"EFATAL: Error: read ECONNRESET"}
error: [polling_error] {"code":"EFATAL","message":"EFATAL: Error: read ECONNRESET"}
error: [polling_error] {"code":"EFATAL","message":"EFATAL: Error: read ECONNRESET"}
error: [polling_error] {"code":"EFATAL","message":"EFATAL: Error: read ECONNRESET"}
error: [polling_error] {"code":"EFATAL","message":"EFATAL: Error: read ECONNRESET"}
error: [polling_error] {"code":"EFATAL","message":"EFATAL: Error: read ECONNRESET"}
error: [polling_error] {"code":"EFATAL","message":"EFATAL: Error: read ECONNRESET"}
error: [polling_error] {"code":"EFATAL","message":"EFATAL: Error: read ECONNRESET"}
error: [polling_error] {"code":"EFATAL","message":"EFATAL: Error: read ECONNRESET"}
error: [polling_error] {"code":"EFATAL","message":"EFATAL: Error: read ECONNRESET"}
error: [polling_error] {"code":"EFATAL","message":"EFATAL: Error: read ECONNRESET"}
error: [polling_error] {"code":"EFATAL","message":"EFATAL: Error: getaddrinfo ENOTFOUND api.telegram.org"}
error: [polling_error] {"code":"EFATAL","message":"EFATAL: Error: getaddrinfo ENOTFOUND api.telegram.org"}
error: [polling_error] {"code":"EFATAL","message":"EFATAL: Error: getaddrinfo ENOTFOUND api.telegram.org"}
error: [polling_error] {"code":"EFATAL","message":"EFATAL: Error: getaddrinfo ENOTFOUND api.telegram.org"}
error: [polling_error] {"code":"EFATAL","message":"EFATAL: Error: getaddrinfo ENOTFOUND api.telegram.org"}
error: [polling_error] {"code":"EFATAL","message":"EFATAL: Error: getaddrinfo ENOTFOUND api.telegram.org"}
error: [polling_error] {"code":"EFATAL","message":"EFATAL: Error: getaddrinfo ENOTFOUND api.telegram.org"}
error: [polling_error] {"code":"EFATAL","message":"EFATAL: Error: getaddrinfo ENOTFOUND api.telegram.org"}
error: [polling_error] {"code":"EFATAL","message":"EFATAL: Error: getaddrinfo ENOTFOUND api.telegram.org"}
error: [polling_error] {"code":"EFATAL","message":"EFATAL: Error: getaddrinfo ENOTFOUND api.telegram.org"}
error: [polling_error] {"code":"EFATAL","message":"EFATAL: Error: getaddrinfo ENOTFOUND api.telegram.org"}
